0 verbose cli /Users/NUMTEMA/.nvm/versions/node/v24.5.0/bin/node /Users/NUMTEMA/.nvm/versions/node/v24.5.0/lib/node_modules/npm/bin/npm-cli.js
1 info using npm@11.5.1
2 info using node@v24.5.0
3 silly config load:file:/Users/NUMTEMA/.nvm/versions/node/v24.5.0/lib/node_modules/npm/npmrc
4 silly config load:file:/Users/NUMTEMA/Downloads/localia/.npmrc
5 silly config load:file:/Users/NUMTEMA/.npmrc
6 silly config load:file:/Users/NUMTEMA/.nvm/versions/node/v24.5.0/etc/npmrc
7 verbose title npm exec @insforge/install --client antigravity --env API_KEY=ik_dc0a26a8311a6fec5c1ad0a006c8b1ad --env API_BASE_URL=https://av5hw68y.eu-central.insforge.app
8 verbose argv "exec" "--yes" "--" "@insforge/install" "--client" "antigravity" "--env" "API_KEY=ik_dc0a26a8311a6fec5c1ad0a006c8b1ad" "--env" "API_BASE_URL=https://av5hw68y.eu-central.insforge.app"
9 verbose logfile logs-max:10 dir:/Users/NUMTEMA/Downloads/localia/.npm-cache/_logs/2026-05-09T22_08_50_091Z-
10 verbose logfile /Users/NUMTEMA/Downloads/localia/.npm-cache/_logs/2026-05-09T22_08_50_091Z-debug-0.log
11 silly logfile done cleaning log files
12 silly packumentCache heap:4496293888 maxSize:1124073472 maxEntrySize:562036736
13 http fetch GET 200 https://registry.npmjs.org/npm 373ms
14 http fetch GET 200 https://registry.npmjs.org/@insforge%2finstall 693ms (cache miss)
15 silly packumentCache heap:4496293888 maxSize:1124073472 maxEntrySize:562036736
16 silly packumentCache heap:4496293888 maxSize:1124073472 maxEntrySize:562036736
17 silly idealTree buildDeps
18 silly fetch manifest @insforge/install@0.0.53
19 silly packumentCache full:https://registry.npmjs.org/@insforge%2finstall cache-miss
20 http fetch GET 200 https://registry.npmjs.org/@insforge%2finstall 688ms (cache miss)
21 silly packumentCache full:https://registry.npmjs.org/@insforge%2finstall set size:undefined disposed:false
22 silly placeDep ROOT @insforge/install@0.0.53 OK for:  want: 0.0.53
23 silly fetch manifest yargs@^17.7.2
24 silly packumentCache full:https://registry.npmjs.org/yargs cache-miss
25 silly fetch manifest consola@^3.2.3
26 silly packumentCache full:https://registry.npmjs.org/consola cache-miss
27 silly fetch manifest node-fetch@^3.3.2
28 silly packumentCache full:https://registry.npmjs.org/node-fetch cache-miss
29 silly fetch manifest picocolors@^1.0.0
30 silly packumentCache full:https://registry.npmjs.org/picocolors cache-miss
31 silly fetch manifest @inquirer/select@^4.4.2
32 silly packumentCache full:https://registry.npmjs.org/@inquirer%2fselect cache-miss
33 http fetch GET 200 https://registry.npmjs.org/consola 82ms (cache miss)
34 silly packumentCache full:https://registry.npmjs.org/consola set size:undefined disposed:false
35 http fetch GET 200 https://registry.npmjs.org/picocolors 122ms (cache miss)
36 silly packumentCache full:https://registry.npmjs.org/picocolors set size:undefined disposed:false
37 http fetch GET 200 https://registry.npmjs.org/yargs 144ms (cache miss)
38 silly packumentCache full:https://registry.npmjs.org/yargs set size:undefined disposed:false
39 http fetch GET 200 https://registry.npmjs.org/@inquirer%2fselect 192ms (cache miss)
40 silly packumentCache full:https://registry.npmjs.org/@inquirer%2fselect set size:undefined disposed:false
41 http fetch GET 200 https://registry.npmjs.org/node-fetch 287ms (cache miss)
42 silly packumentCache full:https://registry.npmjs.org/node-fetch set size:undefined disposed:false
43 silly fetch manifest @types/node@>=18
44 silly packumentCache full:https://registry.npmjs.org/@types%2fnode cache-miss
45 http fetch GET 200 https://registry.npmjs.org/@types%2fnode 1375ms (cache miss)
46 silly packumentCache full:https://registry.npmjs.org/@types%2fnode set size:undefined disposed:false
47 silly placeDep ROOT @inquirer/select@4.4.2 OK for: @insforge/install@0.0.53 want: ^4.4.2
48 silly placeDep ROOT consola@3.4.2 OK for: @insforge/install@0.0.53 want: ^3.2.3
49 silly placeDep ROOT node-fetch@3.3.2 OK for: @insforge/install@0.0.53 want: ^3.3.2
50 silly placeDep ROOT picocolors@1.1.1 OK for: @insforge/install@0.0.53 want: ^1.0.0
51 silly placeDep ROOT yargs@17.7.2 OK for: @insforge/install@0.0.53 want: ^17.7.2
52 silly fetch manifest @inquirer/ansi@^1.0.2
53 silly packumentCache full:https://registry.npmjs.org/@inquirer%2fansi cache-miss
54 silly fetch manifest @inquirer/core@^10.3.2
55 silly packumentCache full:https://registry.npmjs.org/@inquirer%2fcore cache-miss
56 silly fetch manifest @inquirer/type@^3.0.10
57 silly packumentCache full:https://registry.npmjs.org/@inquirer%2ftype cache-miss
58 silly fetch manifest yoctocolors-cjs@^2.1.3
59 silly packumentCache full:https://registry.npmjs.org/yoctocolors-cjs cache-miss
60 silly fetch manifest @inquirer/figures@^1.0.15
61 silly packumentCache full:https://registry.npmjs.org/@inquirer%2ffigures cache-miss
62 silly fetch manifest data-uri-to-buffer@^4.0.0
63 silly packumentCache full:https://registry.npmjs.org/data-uri-to-buffer cache-miss
64 silly fetch manifest fetch-blob@^3.1.4
65 silly packumentCache full:https://registry.npmjs.org/fetch-blob cache-miss
66 http fetch GET 200 https://registry.npmjs.org/yoctocolors-cjs 69ms (cache miss)
67 silly packumentCache full:https://registry.npmjs.org/yoctocolors-cjs set size:undefined disposed:false
68 silly fetch manifest formdata-polyfill@^4.0.10
69 silly packumentCache full:https://registry.npmjs.org/formdata-polyfill cache-miss
70 http fetch GET 200 https://registry.npmjs.org/@inquirer%2ftype 86ms (cache miss)
71 silly packumentCache full:https://registry.npmjs.org/@inquirer%2ftype set size:undefined disposed:false
72 silly fetch manifest y18n@^5.0.5
73 silly packumentCache full:https://registry.npmjs.org/y18n cache-miss
74 http fetch GET 200 https://registry.npmjs.org/data-uri-to-buffer 107ms (cache miss)
75 silly packumentCache full:https://registry.npmjs.org/data-uri-to-buffer set size:undefined disposed:false
76 silly fetch manifest cliui@^8.0.1
77 silly packumentCache full:https://registry.npmjs.org/cliui cache-miss
78 http fetch GET 200 https://registry.npmjs.org/fetch-blob 120ms (cache miss)
79 silly packumentCache full:https://registry.npmjs.org/fetch-blob set size:undefined disposed:false
80 silly fetch manifest escalade@^3.1.1
81 silly packumentCache full:https://registry.npmjs.org/escalade cache-miss
82 http fetch GET 200 https://registry.npmjs.org/formdata-polyfill 61ms (cache miss)
83 silly packumentCache full:https://registry.npmjs.org/formdata-polyfill set size:undefined disposed:false
84 silly fetch manifest string-width@^4.2.3
85 silly packumentCache full:https://registry.npmjs.org/string-width cache-miss
86 http fetch GET 200 https://registry.npmjs.org/@inquirer%2fcore 137ms (cache miss)
87 silly packumentCache full:https://registry.npmjs.org/@inquirer%2fcore set size:undefined disposed:false
88 silly fetch manifest yargs-parser@^21.1.1
89 silly packumentCache full:https://registry.npmjs.org/yargs-parser cache-miss
90 http fetch GET 200 https://registry.npmjs.org/y18n 64ms (cache miss)
91 silly packumentCache full:https://registry.npmjs.org/y18n set size:undefined disposed:false
92 silly fetch manifest get-caller-file@^2.0.5
93 silly packumentCache full:https://registry.npmjs.org/get-caller-file cache-miss
94 http fetch GET 200 https://registry.npmjs.org/cliui 67ms (cache miss)
95 silly packumentCache full:https://registry.npmjs.org/cliui set size:undefined disposed:false
96 silly fetch manifest require-directory@^2.1.1
97 silly packumentCache full:https://registry.npmjs.org/require-directory cache-miss
98 http fetch GET 200 https://registry.npmjs.org/escalade 70ms (cache miss)
99 silly packumentCache full:https://registry.npmjs.org/escalade set size:undefined disposed:false
100 http fetch GET 200 https://registry.npmjs.org/string-width 73ms (cache miss)
101 silly packumentCache full:https://registry.npmjs.org/string-width set size:undefined disposed:false
102 http fetch GET 200 https://registry.npmjs.org/get-caller-file 57ms (cache miss)
103 silly packumentCache full:https://registry.npmjs.org/get-caller-file set size:undefined disposed:false
104 http fetch GET 200 https://registry.npmjs.org/@inquirer%2fansi 225ms (cache miss)
105 silly packumentCache full:https://registry.npmjs.org/@inquirer%2fansi set size:undefined disposed:false
106 http fetch GET 200 https://registry.npmjs.org/require-directory 56ms (cache miss)
107 silly packumentCache full:https://registry.npmjs.org/require-directory set size:undefined disposed:false
108 http fetch GET 200 https://registry.npmjs.org/@inquirer%2ffigures 239ms (cache miss)
109 silly packumentCache full:https://registry.npmjs.org/@inquirer%2ffigures set size:undefined disposed:false
110 http fetch GET 200 https://registry.npmjs.org/yargs-parser 105ms (cache miss)
111 silly packumentCache full:https://registry.npmjs.org/yargs-parser set size:undefined disposed:false
112 silly placeDep ROOT @inquirer/ansi@1.0.2 OK for: @inquirer/select@4.4.2 want: ^1.0.2
113 silly placeDep ROOT @inquirer/core@10.3.2 OK for: @inquirer/select@4.4.2 want: ^10.3.2
114 silly placeDep ROOT @inquirer/figures@1.0.15 OK for: @inquirer/select@4.4.2 want: ^1.0.15
115 silly placeDep ROOT @inquirer/type@3.0.10 OK for: @inquirer/select@4.4.2 want: ^3.0.10
116 silly placeDep ROOT yoctocolors-cjs@2.1.3 OK for: @inquirer/select@4.4.2 want: ^2.1.3
117 silly fetch manifest cli-width@^4.1.0
118 silly packumentCache full:https://registry.npmjs.org/cli-width cache-miss
119 silly fetch manifest wrap-ansi@^6.2.0
120 silly packumentCache full:https://registry.npmjs.org/wrap-ansi cache-miss
121 silly fetch manifest mute-stream@^2.0.0
122 silly packumentCache full:https://registry.npmjs.org/mute-stream cache-miss
123 silly fetch manifest signal-exit@^4.1.0
124 silly packumentCache full:https://registry.npmjs.org/signal-exit cache-miss
125 http fetch GET 200 https://registry.npmjs.org/cli-width 181ms (cache miss)
126 silly packumentCache full:https://registry.npmjs.org/cli-width set size:undefined disposed:false
127 http fetch GET 200 https://registry.npmjs.org/signal-exit 183ms (cache miss)
128 silly packumentCache full:https://registry.npmjs.org/signal-exit set size:undefined disposed:false
129 http fetch GET 200 https://registry.npmjs.org/mute-stream 187ms (cache miss)
130 silly packumentCache full:https://registry.npmjs.org/mute-stream set size:undefined disposed:false
131 http fetch GET 200 https://registry.npmjs.org/wrap-ansi 198ms (cache miss)
132 silly packumentCache full:https://registry.npmjs.org/wrap-ansi set size:undefined disposed:false
133 silly placeDep ROOT cli-width@4.1.0 OK for: @inquirer/core@10.3.2 want: ^4.1.0
134 silly placeDep ROOT mute-stream@2.0.0 OK for: @inquirer/core@10.3.2 want: ^2.0.0
135 silly placeDep ROOT signal-exit@4.1.0 OK for: @inquirer/core@10.3.2 want: ^4.1.0
136 silly placeDep ROOT wrap-ansi@6.2.0 OK for: @inquirer/core@10.3.2 want: ^6.2.0
137 silly fetch manifest strip-ansi@^6.0.0
138 silly packumentCache full:https://registry.npmjs.org/strip-ansi cache-miss
139 silly fetch manifest ansi-styles@^4.0.0
140 silly packumentCache full:https://registry.npmjs.org/ansi-styles cache-miss
141 silly fetch manifest string-width@^4.1.0
142 silly packumentCache full:https://registry.npmjs.org/string-width cache-miss
143 http cache https://registry.npmjs.org/string-width 54ms (cache hit)
144 silly packumentCache full:https://registry.npmjs.org/string-width set size:70381 disposed:false
145 http fetch GET 200 https://registry.npmjs.org/strip-ansi 74ms (cache miss)
146 silly packumentCache full:https://registry.npmjs.org/strip-ansi set size:undefined disposed:false
147 http fetch GET 200 https://registry.npmjs.org/ansi-styles 77ms (cache miss)
148 silly packumentCache full:https://registry.npmjs.org/ansi-styles set size:undefined disposed:false
149 silly placeDep ROOT data-uri-to-buffer@4.0.1 OK for: node-fetch@3.3.2 want: ^4.0.0
150 silly placeDep ROOT fetch-blob@3.2.0 OK for: node-fetch@3.3.2 want: ^3.1.4
151 silly placeDep ROOT formdata-polyfill@4.0.10 OK for: node-fetch@3.3.2 want: ^4.0.10
152 silly fetch manifest node-domexception@^1.0.0
153 silly packumentCache full:https://registry.npmjs.org/node-domexception cache-miss
154 silly fetch manifest web-streams-polyfill@^3.0.3
155 silly packumentCache full:https://registry.npmjs.org/web-streams-polyfill cache-miss
156 http fetch GET 200 https://registry.npmjs.org/node-domexception 56ms (cache miss)
157 silly packumentCache full:https://registry.npmjs.org/node-domexception set size:undefined disposed:false
158 http fetch GET 200 https://registry.npmjs.org/web-streams-polyfill 66ms (cache miss)
159 silly packumentCache full:https://registry.npmjs.org/web-streams-polyfill set size:undefined disposed:false
160 silly placeDep ROOT node-domexception@1.0.0 OK for: fetch-blob@3.2.0 want: ^1.0.0
161 silly placeDep ROOT web-streams-polyfill@3.3.3 OK for: fetch-blob@3.2.0 want: ^3.0.3
162 silly placeDep ROOT ansi-styles@4.3.0 OK for: wrap-ansi@6.2.0 want: ^4.0.0
163 silly placeDep ROOT string-width@4.2.3 OK for: wrap-ansi@6.2.0 want: ^4.1.0
164 silly placeDep ROOT strip-ansi@6.0.1 OK for: wrap-ansi@6.2.0 want: ^6.0.0
165 silly fetch manifest color-convert@^2.0.1
166 silly packumentCache full:https://registry.npmjs.org/color-convert cache-miss
167 silly fetch manifest strip-ansi@^6.0.1
168 silly packumentCache full:https://registry.npmjs.org/strip-ansi cache-miss
169 silly fetch manifest emoji-regex@^8.0.0
170 silly packumentCache full:https://registry.npmjs.org/emoji-regex cache-miss
171 silly fetch manifest is-fullwidth-code-point@^3.0.0
172 silly packumentCache full:https://registry.npmjs.org/is-fullwidth-code-point cache-miss
173 silly fetch manifest ansi-regex@^5.0.1
174 silly packumentCache full:https://registry.npmjs.org/ansi-regex cache-miss
175 http cache https://registry.npmjs.org/strip-ansi 90ms (cache hit)
176 silly packumentCache full:https://registry.npmjs.org/strip-ansi set size:44998 disposed:false
177 http fetch GET 200 https://registry.npmjs.org/ansi-regex 109ms (cache miss)
178 silly packumentCache full:https://registry.npmjs.org/ansi-regex set size:undefined disposed:false
179 http fetch GET 200 https://registry.npmjs.org/is-fullwidth-code-point 301ms (cache miss)
180 silly packumentCache full:https://registry.npmjs.org/is-fullwidth-code-point set size:undefined disposed:false
181 http fetch GET 200 https://registry.npmjs.org/color-convert 365ms (cache miss)
182 silly packumentCache full:https://registry.npmjs.org/color-convert set size:undefined disposed:false
183 http fetch GET 200 https://registry.npmjs.org/emoji-regex 449ms (cache miss)
184 silly packumentCache full:https://registry.npmjs.org/emoji-regex set size:undefined disposed:false
185 silly placeDep ROOT color-convert@2.0.1 OK for: ansi-styles@4.3.0 want: ^2.0.1
186 silly fetch manifest color-name@~1.1.4
187 silly packumentCache full:https://registry.npmjs.org/color-name cache-miss
188 http fetch GET 200 https://registry.npmjs.org/color-name 36ms (cache miss)
189 silly packumentCache full:https://registry.npmjs.org/color-name set size:undefined disposed:false
190 silly placeDep ROOT color-name@1.1.4 OK for: color-convert@2.0.1 want: ~1.1.4
191 silly placeDep ROOT emoji-regex@8.0.0 OK for: string-width@4.2.3 want: ^8.0.0
192 silly placeDep ROOT is-fullwidth-code-point@3.0.0 OK for: string-width@4.2.3 want: ^3.0.0
193 silly placeDep ROOT ansi-regex@5.0.1 OK for: strip-ansi@6.0.1 want: ^5.0.1
194 silly placeDep ROOT cliui@8.0.1 OK for: yargs@17.7.2 want: ^8.0.1
195 silly placeDep ROOT escalade@3.2.0 OK for: yargs@17.7.2 want: ^3.1.1
196 silly placeDep ROOT get-caller-file@2.0.5 OK for: yargs@17.7.2 want: ^2.0.5
197 silly placeDep ROOT require-directory@2.1.1 OK for: yargs@17.7.2 want: ^2.1.1
198 silly placeDep ROOT y18n@5.0.8 OK for: yargs@17.7.2 want: ^5.0.5
199 silly placeDep ROOT yargs-parser@21.1.1 OK for: yargs@17.7.2 want: ^21.1.1
200 silly fetch manifest wrap-ansi@^7.0.0
201 silly packumentCache full:https://registry.npmjs.org/wrap-ansi cache-miss
202 http cache https://registry.npmjs.org/wrap-ansi 15ms (cache hit)
203 silly packumentCache full:https://registry.npmjs.org/wrap-ansi set size:55299 disposed:false
204 silly placeDep node_modules/cliui wrap-ansi@7.0.0 OK for: cliui@8.0.1 want: ^7.0.0
205 silly reify moves {}
206 silly audit bulk request {
206 silly audit   '@insforge/install': [ '0.0.53' ],
206 silly audit   '@inquirer/select': [ '4.4.2' ],
206 silly audit   consola: [ '3.4.2' ],
206 silly audit   'node-fetch': [ '3.3.2' ],
206 silly audit   picocolors: [ '1.1.1' ],
206 silly audit   yargs: [ '17.7.2' ],
206 silly audit   '@inquirer/ansi': [ '1.0.2' ],
206 silly audit   '@inquirer/core': [ '10.3.2' ],
206 silly audit   '@inquirer/figures': [ '1.0.15' ],
206 silly audit   '@inquirer/type': [ '3.0.10' ],
206 silly audit   'yoctocolors-cjs': [ '2.1.3' ],
206 silly audit   'cli-width': [ '4.1.0' ],
206 silly audit   'mute-stream': [ '2.0.0' ],
206 silly audit   'signal-exit': [ '4.1.0' ],
206 silly audit   'wrap-ansi': [ '6.2.0', '7.0.0' ],
206 silly audit   'data-uri-to-buffer': [ '4.0.1' ],
206 silly audit   'fetch-blob': [ '3.2.0' ],
206 silly audit   'formdata-polyfill': [ '4.0.10' ],
206 silly audit   'node-domexception': [ '1.0.0' ],
206 silly audit   'web-streams-polyfill': [ '3.3.3' ],
206 silly audit   'ansi-styles': [ '4.3.0' ],
206 silly audit   'string-width': [ '4.2.3' ],
206 silly audit   'strip-ansi': [ '6.0.1' ],
206 silly audit   'color-convert': [ '2.0.1' ],
206 silly audit   'color-name': [ '1.1.4' ],
206 silly audit   'emoji-regex': [ '8.0.0' ],
206 silly audit   'is-fullwidth-code-point': [ '3.0.0' ],
206 silly audit   'ansi-regex': [ '5.0.1' ],
206 silly audit   cliui: [ '8.0.1' ],
206 silly audit   escalade: [ '3.2.0' ],
206 silly audit   'get-caller-file': [ '2.0.5' ],
206 silly audit   'require-directory': [ '2.1.1' ],
206 silly audit   y18n: [ '5.0.8' ],
206 silly audit   'yargs-parser': [ '21.1.1' ]
206 silly audit }
207 http cache yargs-parser@https://registry.npmjs.org/yargs-parser/-/yargs-parser-21.1.1.tgz 0ms (cache hit)
208 http cache require-directory@https://registry.npmjs.org/require-directory/-/require-directory-2.1.1.tgz 0ms (cache hit)
209 http cache cliui@https://registry.npmjs.org/cliui/-/cliui-8.0.1.tgz 0ms (cache hit)
210 http cache get-caller-file@https://registry.npmjs.org/get-caller-file/-/get-caller-file-2.0.5.tgz 0ms (cache hit)
211 http cache ansi-regex@https://registry.npmjs.org/ansi-regex/-/ansi-regex-5.0.1.tgz 0ms (cache hit)
212 http cache is-fullwidth-code-point@https://registry.npmjs.org/is-fullwidth-code-point/-/is-fullwidth-code-point-3.0.0.tgz 0ms (cache hit)
213 http cache color-name@https://registry.npmjs.org/color-name/-/color-name-1.1.4.tgz 0ms (cache hit)
214 http cache y18n@https://registry.npmjs.org/y18n/-/y18n-5.0.8.tgz 1ms (cache hit)
215 http cache emoji-regex@https://registry.npmjs.org/emoji-regex/-/emoji-regex-8.0.0.tgz 0ms (cache hit)
216 http cache color-convert@https://registry.npmjs.org/color-convert/-/color-convert-2.0.1.tgz 0ms (cache hit)
217 http cache escalade@https://registry.npmjs.org/escalade/-/escalade-3.2.0.tgz 0ms (cache hit)
218 http cache node-domexception@https://registry.npmjs.org/node-domexception/-/node-domexception-1.0.0.tgz 0ms (cache hit)
219 http cache ansi-styles@https://registry.npmjs.org/ansi-styles/-/ansi-styles-4.3.0.tgz 0ms (cache hit)
220 http cache web-streams-polyfill@https://registry.npmjs.org/web-streams-polyfill/-/web-streams-polyfill-3.3.3.tgz 0ms (cache hit)
221 http cache string-width@https://registry.npmjs.org/string-width/-/string-width-4.2.3.tgz 0ms (cache hit)
222 http cache formdata-polyfill@https://registry.npmjs.org/formdata-polyfill/-/formdata-polyfill-4.0.10.tgz 0ms (cache hit)
223 http cache fetch-blob@https://registry.npmjs.org/fetch-blob/-/fetch-blob-3.2.0.tgz 0ms (cache hit)
224 http cache data-uri-to-buffer@https://registry.npmjs.org/data-uri-to-buffer/-/data-uri-to-buffer-4.0.1.tgz 0ms (cache hit)
225 http cache wrap-ansi@https://registry.npmjs.org/wrap-ansi/-/wrap-ansi-6.2.0.tgz 0ms (cache hit)
226 http cache yoctocolors-cjs@https://registry.npmjs.org/yoctocolors-cjs/-/yoctocolors-cjs-2.1.3.tgz 0ms (cache hit)
227 http cache cli-width@https://registry.npmjs.org/cli-width/-/cli-width-4.1.0.tgz 0ms (cache hit)
228 http cache signal-exit@https://registry.npmjs.org/signal-exit/-/signal-exit-4.1.0.tgz 0ms (cache hit)
229 http cache @inquirer/figures@https://registry.npmjs.org/@inquirer/figures/-/figures-1.0.15.tgz 0ms (cache hit)
230 http cache @inquirer/core@https://registry.npmjs.org/@inquirer/core/-/core-10.3.2.tgz 0ms (cache hit)
231 http cache yargs@https://registry.npmjs.org/yargs/-/yargs-17.7.2.tgz 0ms (cache hit)
232 http cache node-fetch@https://registry.npmjs.org/node-fetch/-/node-fetch-3.3.2.tgz 0ms (cache hit)
233 http cache picocolors@https://registry.npmjs.org/picocolors/-/picocolors-1.1.1.tgz 0ms (cache hit)
234 http cache mute-stream@https://registry.npmjs.org/mute-stream/-/mute-stream-2.0.0.tgz 0ms (cache hit)
235 http cache @inquirer/select@https://registry.npmjs.org/@inquirer/select/-/select-4.4.2.tgz 0ms (cache hit)
236 http cache strip-ansi@https://registry.npmjs.org/strip-ansi/-/strip-ansi-6.0.1.tgz 0ms (cache hit)
237 http cache @inquirer/type@https://registry.npmjs.org/@inquirer/type/-/type-3.0.10.tgz 0ms (cache hit)
238 http cache @insforge/install@https://registry.npmjs.org/@insforge/install/-/install-0.0.53.tgz 0ms (cache hit)
239 http cache @inquirer/ansi@https://registry.npmjs.org/@inquirer/ansi/-/ansi-1.0.2.tgz 0ms (cache hit)
240 http cache consola@https://registry.npmjs.org/consola/-/consola-3.4.2.tgz 0ms (cache hit)
241 http cache wrap-ansi@https://registry.npmjs.org/wrap-ansi/-/wrap-ansi-7.0.0.tgz 0ms (cache hit)
242 silly tarball no local data for yargs-parser@https://registry.npmjs.org/yargs-parser/-/yargs-parser-21.1.1.tgz. Extracting by manifest.
243 silly tarball no local data for require-directory@https://registry.npmjs.org/require-directory/-/require-directory-2.1.1.tgz. Extracting by manifest.
244 silly tarball no local data for cliui@https://registry.npmjs.org/cliui/-/cliui-8.0.1.tgz. Extracting by manifest.
245 silly tarball no local data for get-caller-file@https://registry.npmjs.org/get-caller-file/-/get-caller-file-2.0.5.tgz. Extracting by manifest.
246 silly tarball no local data for ansi-regex@https://registry.npmjs.org/ansi-regex/-/ansi-regex-5.0.1.tgz. Extracting by manifest.
247 silly tarball no local data for is-fullwidth-code-point@https://registry.npmjs.org/is-fullwidth-code-point/-/is-fullwidth-code-point-3.0.0.tgz. Extracting by manifest.
248 silly tarball no local data for color-name@https://registry.npmjs.org/color-name/-/color-name-1.1.4.tgz. Extracting by manifest.
249 silly tarball no local data for y18n@https://registry.npmjs.org/y18n/-/y18n-5.0.8.tgz. Extracting by manifest.
250 silly tarball no local data for emoji-regex@https://registry.npmjs.org/emoji-regex/-/emoji-regex-8.0.0.tgz. Extracting by manifest.
251 silly tarball no local data for color-convert@https://registry.npmjs.org/color-convert/-/color-convert-2.0.1.tgz. Extracting by manifest.
252 silly tarball no local data for escalade@https://registry.npmjs.org/escalade/-/escalade-3.2.0.tgz. Extracting by manifest.
253 silly tarball no local data for node-domexception@https://registry.npmjs.org/node-domexception/-/node-domexception-1.0.0.tgz. Extracting by manifest.
254 silly tarball no local data for ansi-styles@https://registry.npmjs.org/ansi-styles/-/ansi-styles-4.3.0.tgz. Extracting by manifest.
255 silly tarball no local data for web-streams-polyfill@https://registry.npmjs.org/web-streams-polyfill/-/web-streams-polyfill-3.3.3.tgz. Extracting by manifest.
256 silly tarball no local data for string-width@https://registry.npmjs.org/string-width/-/string-width-4.2.3.tgz. Extracting by manifest.
257 silly tarball no local data for formdata-polyfill@https://registry.npmjs.org/formdata-polyfill/-/formdata-polyfill-4.0.10.tgz. Extracting by manifest.
258 silly tarball no local data for fetch-blob@https://registry.npmjs.org/fetch-blob/-/fetch-blob-3.2.0.tgz. Extracting by manifest.
259 silly tarball no local data for data-uri-to-buffer@https://registry.npmjs.org/data-uri-to-buffer/-/data-uri-to-buffer-4.0.1.tgz. Extracting by manifest.
260 silly tarball no local data for wrap-ansi@https://registry.npmjs.org/wrap-ansi/-/wrap-ansi-6.2.0.tgz. Extracting by manifest.
261 silly tarball no local data for yoctocolors-cjs@https://registry.npmjs.org/yoctocolors-cjs/-/yoctocolors-cjs-2.1.3.tgz. Extracting by manifest.
262 silly tarball no local data for cli-width@https://registry.npmjs.org/cli-width/-/cli-width-4.1.0.tgz. Extracting by manifest.
263 silly tarball no local data for signal-exit@https://registry.npmjs.org/signal-exit/-/signal-exit-4.1.0.tgz. Extracting by manifest.
264 silly tarball no local data for @inquirer/figures@https://registry.npmjs.org/@inquirer/figures/-/figures-1.0.15.tgz. Extracting by manifest.
265 silly tarball no local data for @inquirer/core@https://registry.npmjs.org/@inquirer/core/-/core-10.3.2.tgz. Extracting by manifest.
266 silly tarball no local data for yargs@https://registry.npmjs.org/yargs/-/yargs-17.7.2.tgz. Extracting by manifest.
267 silly tarball no local data for node-fetch@https://registry.npmjs.org/node-fetch/-/node-fetch-3.3.2.tgz. Extracting by manifest.
268 silly tarball no local data for picocolors@https://registry.npmjs.org/picocolors/-/picocolors-1.1.1.tgz. Extracting by manifest.
269 silly tarball no local data for mute-stream@https://registry.npmjs.org/mute-stream/-/mute-stream-2.0.0.tgz. Extracting by manifest.
270 silly tarball no local data for @inquirer/select@https://registry.npmjs.org/@inquirer/select/-/select-4.4.2.tgz. Extracting by manifest.
271 silly tarball no local data for strip-ansi@https://registry.npmjs.org/strip-ansi/-/strip-ansi-6.0.1.tgz. Extracting by manifest.
272 silly tarball no local data for @inquirer/type@https://registry.npmjs.org/@inquirer/type/-/type-3.0.10.tgz. Extracting by manifest.
273 silly tarball no local data for @insforge/install@https://registry.npmjs.org/@insforge/install/-/install-0.0.53.tgz. Extracting by manifest.
274 silly tarball no local data for @inquirer/ansi@https://registry.npmjs.org/@inquirer/ansi/-/ansi-1.0.2.tgz. Extracting by manifest.
275 silly tarball no local data for consola@https://registry.npmjs.org/consola/-/consola-3.4.2.tgz. Extracting by manifest.
276 silly tarball no local data for wrap-ansi@https://registry.npmjs.org/wrap-ansi/-/wrap-ansi-7.0.0.tgz. Extracting by manifest.
277 http fetch POST 200 https://registry.npmjs.org/-/npm/v1/security/advisories/bulk 378ms
278 silly audit report {}
279 http fetch GET 200 https://registry.npmjs.org/is-fullwidth-code-point/-/is-fullwidth-code-point-3.0.0.tgz 657ms (cache miss)
280 http fetch GET 200 https://registry.npmjs.org/get-caller-file/-/get-caller-file-2.0.5.tgz 660ms (cache miss)
281 http fetch GET 200 https://registry.npmjs.org/ansi-regex/-/ansi-regex-5.0.1.tgz 660ms (cache miss)
282 http fetch GET 200 https://registry.npmjs.org/require-directory/-/require-directory-2.1.1.tgz 663ms (cache miss)
283 http fetch GET 200 https://registry.npmjs.org/string-width/-/string-width-4.2.3.tgz 654ms (cache miss)
284 http fetch GET 200 https://registry.npmjs.org/formdata-polyfill/-/formdata-polyfill-4.0.10.tgz 654ms (cache miss)
285 http fetch GET 200 https://registry.npmjs.org/data-uri-to-buffer/-/data-uri-to-buffer-4.0.1.tgz 654ms (cache miss)
286 http fetch GET 200 https://registry.npmjs.org/cli-width/-/cli-width-4.1.0.tgz 662ms (cache miss)
287 http fetch GET 200 https://registry.npmjs.org/cliui/-/cliui-8.0.1.tgz 692ms (cache miss)
288 http fetch GET 200 https://registry.npmjs.org/yoctocolors-cjs/-/yoctocolors-cjs-2.1.3.tgz 683ms (cache miss)
289 http fetch GET 200 https://registry.npmjs.org/wrap-ansi/-/wrap-ansi-6.2.0.tgz 684ms (cache miss)
290 http fetch GET 200 https://registry.npmjs.org/fetch-blob/-/fetch-blob-3.2.0.tgz 688ms (cache miss)
291 http fetch GET 200 https://registry.npmjs.org/signal-exit/-/signal-exit-4.1.0.tgz 689ms (cache miss)
292 http fetch GET 200 https://registry.npmjs.org/strip-ansi/-/strip-ansi-6.0.1.tgz 692ms (cache miss)
293 http fetch GET 200 https://registry.npmjs.org/mute-stream/-/mute-stream-2.0.0.tgz 704ms (cache miss)
294 http fetch GET 200 https://registry.npmjs.org/@inquirer/figures/-/figures-1.0.15.tgz 707ms (cache miss)
295 http fetch GET 200 https://registry.npmjs.org/color-name/-/color-name-1.1.4.tgz 722ms (cache miss)
296 http fetch GET 200 https://registry.npmjs.org/picocolors/-/picocolors-1.1.1.tgz 708ms (cache miss)
297 http fetch GET 200 https://registry.npmjs.org/wrap-ansi/-/wrap-ansi-7.0.0.tgz 704ms (cache miss)
298 http fetch GET 200 https://registry.npmjs.org/@inquirer/type/-/type-3.0.10.tgz 713ms (cache miss)
299 http fetch GET 200 https://registry.npmjs.org/escalade/-/escalade-3.2.0.tgz 731ms (cache miss)
300 http fetch GET 200 https://registry.npmjs.org/@inquirer/ansi/-/ansi-1.0.2.tgz 721ms (cache miss)
301 http fetch GET 200 https://registry.npmjs.org/@inquirer/select/-/select-4.4.2.tgz 731ms (cache miss)
302 http fetch GET 200 https://registry.npmjs.org/ansi-styles/-/ansi-styles-4.3.0.tgz 746ms (cache miss)
303 http fetch GET 200 https://registry.npmjs.org/y18n/-/y18n-5.0.8.tgz 756ms (cache miss)
304 http fetch GET 200 https://registry.npmjs.org/color-convert/-/color-convert-2.0.1.tgz 772ms (cache miss)
305 http fetch GET 200 https://registry.npmjs.org/emoji-regex/-/emoji-regex-8.0.0.tgz 783ms (cache miss)
306 http fetch GET 200 https://registry.npmjs.org/@insforge/install/-/install-0.0.53.tgz 778ms (cache miss)
307 http fetch GET 200 https://registry.npmjs.org/yargs-parser/-/yargs-parser-21.1.1.tgz 811ms (cache miss)
308 http fetch GET 200 https://registry.npmjs.org/node-fetch/-/node-fetch-3.3.2.tgz 838ms (cache miss)
309 http fetch GET 200 https://registry.npmjs.org/node-domexception/-/node-domexception-1.0.0.tgz 865ms (cache miss)
310 warn deprecated node-domexception@1.0.0: Use your platform's native DOMException instead
311 http fetch GET 200 https://registry.npmjs.org/consola/-/consola-3.4.2.tgz 1020ms (cache miss)
312 http fetch GET 200 https://registry.npmjs.org/yargs/-/yargs-17.7.2.tgz 1067ms (cache miss)
313 http fetch GET 200 https://registry.npmjs.org/@inquirer/core/-/core-10.3.2.tgz 1078ms (cache miss)
314 http fetch GET 200 https://registry.npmjs.org/web-streams-polyfill/-/web-streams-polyfill-3.3.3.tgz 1904ms (cache miss)
315 verbose cwd /Users/NUMTEMA/Downloads/localia
316 verbose os Darwin 22.6.0
317 verbose node v24.5.0
318 verbose npm  v11.5.1
319 notice
319 notice New [33mminor[39m version of npm available! [33m11.5.1[39m -> [34m11.14.1[39m
319 notice Changelog: [34mhttps://github.com/npm/cli/releases/tag/v11.14.1[39m
319 notice To update run: [4mnpm install -g npm@11.14.1[24m
319 notice  { force: true, Symbol(proc-log.meta): true }
320 verbose exit 0
321 info ok
